<?xml version="1.0" encoding="UTF-8"?>
<testng-results ignored="0" total="4" passed="3" failed="1" skipped="0">
  <reporter-output>
  </reporter-output>
  <suite started-at="2020-07-19T14:38:58Z" name="Suite" finished-at="2020-07-19T14:41:56Z" duration-ms="177372">
    <groups>
    </groups>
    <test started-at="2020-07-19T14:38:58Z" name="Java interview testcase" finished-at="2020-07-19T14:39:47Z" duration-ms="48754">
      <class name="Learn.Framework.Articlepage">
        <test-method is-config="true" signature="initialize()[pri:0, instance:Learn.Framework.Articlepage@7689ddef]" started-at="2020-07-19T14:38:58Z" name="initialize" finished-at="2020-07-19T14:39:16Z" duration-ms="17354" status="PASS">
          <reporter-output>
          </reporter-output>
        </test-method> <!-- initialize -->
        <test-method signature="article()[pri:0, instance:Learn.Framework.Articlepage@7689ddef]" started-at="2020-07-19T14:39:16Z" name="article" finished-at="2020-07-19T14:39:47Z" duration-ms="31126" status="PASS">
          <reporter-output>
          </reporter-output>
        </test-method> <!-- article -->
        <test-method is-config="true" signature="close()[pri:0, instance:Learn.Framework.Articlepage@7689ddef]" started-at="2020-07-19T14:39:47Z" name="close" finished-at="2020-07-19T14:39:47Z" duration-ms="187" status="PASS">
          <reporter-output>
          </reporter-output>
        </test-method> <!-- close -->
      </class> <!-- Learn.Framework.Articlepage -->
    </test> <!-- Java interview testcase -->
    <test started-at="2020-07-19T14:39:47Z" name="Registration testcase" finished-at="2020-07-19T14:41:09Z" duration-ms="81931">
      <class name="Learn.Framework.Aboutpage">
        <test-method is-config="true" signature="initialize()[pri:0, instance:Learn.Framework.Aboutpage@681aad3b]" started-at="2020-07-19T14:39:47Z" name="initialize" finished-at="2020-07-19T14:40:35Z" duration-ms="47899" status="PASS">
          <reporter-output>
          </reporter-output>
        </test-method> <!-- initialize -->
        <test-method signature="Signup()[pri:0, instance:Learn.Framework.Aboutpage@681aad3b]" started-at="2020-07-19T14:40:35Z" name="Signup" finished-at="2020-07-19T14:41:09Z" duration-ms="33867" status="PASS">
          <reporter-output>
          </reporter-output>
        </test-method> <!-- Signup -->
        <test-method is-config="true" signature="close()[pri:0, instance:Learn.Framework.Aboutpage@681aad3b]" started-at="2020-07-19T14:41:09Z" name="close" finished-at="2020-07-19T14:41:09Z" duration-ms="153" status="PASS">
          <reporter-output>
          </reporter-output>
        </test-method> <!-- close -->
      </class> <!-- Learn.Framework.Aboutpage -->
    </test> <!-- Registration testcase -->
    <test started-at="2020-07-19T14:41:09Z" name="Login testcase" finished-at="2020-07-19T14:41:42Z" duration-ms="32529">
      <class name="Learn.Framework.Homepage">
        <test-method is-config="true" signature="initialize()[pri:0, instance:Learn.Framework.Homepage@22c01ab0]" started-at="2020-07-19T14:41:09Z" name="initialize" finished-at="2020-07-19T14:41:25Z" duration-ms="15602" status="PASS">
          <reporter-output>
          </reporter-output>
        </test-method> <!-- initialize -->
        <test-method signature="login(java.lang.String, java.lang.String)[pri:0, instance:Learn.Framework.Homepage@22c01ab0]" started-at="2020-07-19T14:41:25Z" name="login" data-provider="getData" finished-at="2020-07-19T14:41:41Z" duration-ms="16591" status="PASS">
          <params>
            <param index="0">
              <value>
                <![CDATA[somasundaram20gmail.com]]>
              </value>
            </param>
            <param index="1">
              <value>
                <![CDATA[rahulshettycademy020]]>
              </value>
            </param>
          </params>
          <reporter-output>
          </reporter-output>
        </test-method> <!-- login -->
        <test-method is-config="true" signature="close()[pri:0, instance:Learn.Framework.Homepage@22c01ab0]" started-at="2020-07-19T14:41:41Z" name="close" finished-at="2020-07-19T14:41:42Z" duration-ms="316" status="PASS">
          <reporter-output>
          </reporter-output>
        </test-method> <!-- close -->
      </class> <!-- Learn.Framework.Homepage -->
    </test> <!-- Login testcase -->
    <test started-at="2020-07-19T14:41:42Z" name="Featured course" finished-at="2020-07-19T14:41:56Z" duration-ms="13929">
      <class name="Learn.Framework.FeaturedCourse">
        <test-method is-config="true" signature="initialize()[pri:0, instance:Learn.Framework.FeaturedCourse@16afbd92]" started-at="2020-07-19T14:41:42Z" name="initialize" finished-at="2020-07-19T14:41:55Z" duration-ms="12877" status="PASS">
          <reporter-output>
          </reporter-output>
        </test-method> <!-- initialize -->
        <test-method signature="validateSectionName()[pri:0, instance:Learn.Framework.FeaturedCourse@16afbd92]" started-at="2020-07-19T14:41:55Z" name="validateSectionName" finished-at="2020-07-19T14:41:55Z" duration-ms="133" status="FAIL">
          <exception class="java.lang.AssertionError">
            <message>
              <![CDATA[expected [Featured Course] but found [Featured Courses]]]>
            </message>
            <full-stacktrace>
              <![CDATA[java.lang.AssertionError: expected [Featured Course] but found [Featured Courses]
at org.testng.Assert.fail(Assert.java:96)
at org.testng.Assert.failNotEquals(Assert.java:776)
at org.testng.Assert.assertEqualsImpl(Assert.java:137)
at org.testng.Assert.assertEquals(Assert.java:118)
at org.testng.Assert.assertEquals(Assert.java:453)
at org.testng.Assert.assertEquals(Assert.java:463)
at Learn.Framework.FeaturedCourse.validateSectionName(FeaturedCourse.java:29)
at java.base/jdk.internal.reflect.NativeMethodAccessorImpl.invoke0(Native Method)
at java.base/jdk.internal.reflect.NativeMethodAccessorImpl.invoke(NativeMethodAccessorImpl.java:62)
at java.base/jdk.internal.reflect.DelegatingMethodAccessorImpl.invoke(DelegatingMethodAccessorImpl.java:43)
at java.base/java.lang.reflect.Method.invoke(Method.java:566)
at org.testng.internal.MethodInvocationHelper.invokeMethod(MethodInvocationHelper.java:124)
at org.testng.internal.Invoker.invokeMethod(Invoker.java:583)
at org.testng.internal.Invoker.invokeTestMethod(Invoker.java:719)
at org.testng.internal.Invoker.invokeTestMethods(Invoker.java:989)
at org.testng.internal.TestMethodWorker.invokeTestMethods(TestMethodWorker.java:125)
at org.testng.internal.TestMethodWorker.run(TestMethodWorker.java:109)
at org.testng.TestRunner.privateRun(TestRunner.java:648)
at org.testng.TestRunner.run(TestRunner.java:505)
at org.testng.SuiteRunner.runTest(SuiteRunner.java:455)
at org.testng.SuiteRunner.runSequentially(SuiteRunner.java:450)
at org.testng.SuiteRunner.privateRun(SuiteRunner.java:415)
at org.testng.SuiteRunner.run(SuiteRunner.java:364)
at org.testng.SuiteRunnerWorker.runSuite(SuiteRunnerWorker.java:52)
at org.testng.SuiteRunnerWorker.run(SuiteRunnerWorker.java:84)
at org.testng.TestNG.runSuitesSequentially(TestNG.java:1208)
at org.testng.TestNG.runSuitesLocally(TestNG.java:1137)
at org.testng.TestNG.runSuites(TestNG.java:1049)
at org.testng.TestNG.run(TestNG.java:1017)
at org.apache.maven.surefire.testng.TestNGExecutor.run(TestNGExecutor.java:284)
at org.apache.maven.surefire.testng.TestNGXmlTestSuite.execute(TestNGXmlTestSuite.java:75)
at org.apache.maven.surefire.testng.TestNGProvider.invoke(TestNGProvider.java:119)
at org.apache.maven.surefire.booter.ForkedBooter.runSuitesInProcess(ForkedBooter.java:428)
at org.apache.maven.surefire.booter.ForkedBooter.execute(ForkedBooter.java:162)
at org.apache.maven.surefire.booter.ForkedBooter.run(ForkedBooter.java:562)
at org.apache.maven.surefire.booter.ForkedBooter.main(ForkedBooter.java:548)
]]>
            </full-stacktrace>
          </exception> <!-- java.lang.AssertionError -->
          <reporter-output>
          </reporter-output>
        </test-method> <!-- validateSectionName -->
        <test-method is-config="true" signature="close()[pri:0, instance:Learn.Framework.FeaturedCourse@16afbd92]" started-at="2020-07-19T14:41:56Z" name="close" finished-at="2020-07-19T14:41:56Z" duration-ms="124" status="PASS">
          <reporter-output>
          </reporter-output>
        </test-method> <!-- close -->
      </class> <!-- Learn.Framework.FeaturedCourse -->
    </test> <!-- Featured course -->
  </suite> <!-- Suite -->
</testng-results>
